-------------------------------------------------------------------------------
Test set: com.projeto_automacao.Selenium_Tests
-------------------------------------------------------------------------------
Tests run: 1, Failures: 0, Errors: 1, Skipped: 0, Time elapsed: 0.041 s <<< FAILURE! - in com.projeto_automacao.Selenium_Tests
initializationError(com.projeto_automacao.Selenium_Tests)  Time elapsed: 0.004 s  <<< ERROR!
org.junit.runners.model.InvalidTestClassError: 
Invalid test class 'com.projeto_automacao.Selenium_Tests':
  1. The @Rule 'driver' must be public.
  2. The @Rule 'driver' must implement MethodRule or TestRule.

